\BOOKMARK [1][-]{Doc-Start}{\376\377\000L\000i\000s\000t\000\040\000o\000f\000\040\000F\000i\000g\000u\000r\000e\000s}{}% 1
\BOOKMARK [1][-]{Doc-Start}{\376\377\000L\000i\000s\000t\000\040\000o\000f\000\040\000T\000a\000b\000l\000e\000s}{}% 2
\BOOKMARK [1][-]{section.1}{\376\377\000I\000n\000t\000r\000o\000d\000u\000c\000t\000i\000o\000n}{}% 3
\BOOKMARK [2][-]{subsection.1.1}{\376\377\000B\000a\000c\000k\000g\000r\000o\000u\000n\000d}{section.1}% 4
\BOOKMARK [2][-]{subsection.1.2}{\376\377\000O\000b\000j\000e\000c\000t\000i\000v\000e}{section.1}% 5
\BOOKMARK [2][-]{subsection.1.3}{\376\377\000P\000r\000o\000b\000l\000e\000m\000\040\000S\000t\000a\000t\000e\000m\000e\000n\000t}{section.1}% 6
\BOOKMARK [2][-]{subsection.1.4}{\376\377\000S\000c\000o\000p\000e\000\040\000a\000n\000d\000\040\000L\000i\000m\000i\000t\000a\000t\000i\000o\000n\000s}{section.1}% 7
\BOOKMARK [1][-]{section.2}{\376\377\000P\000r\000o\000j\000e\000c\000t\000\040\000M\000a\000n\000a\000g\000e\000m\000e\000n\000t\000\040\000P\000l\000a\000n}{}% 8
\BOOKMARK [2][-]{subsection.2.1}{\376\377\000T\000e\000a\000m\000\040\000S\000t\000r\000u\000c\000t\000u\000r\000e\000\040\000a\000n\000d\000\040\000R\000o\000l\000e\000s}{section.2}% 9
\BOOKMARK [2][-]{subsection.2.2}{\376\377\000C\000o\000m\000m\000u\000n\000i\000c\000a\000t\000i\000o\000n\000\040\000P\000l\000a\000n}{section.2}% 10
\BOOKMARK [1][-]{section.3}{\376\377\000L\000i\000t\000e\000r\000a\000t\000u\000r\000e\000\040\000R\000e\000v\000i\000e\000w}{}% 11
\BOOKMARK [2][-]{subsection.3.1}{\376\377\000E\000n\000d\000-\000t\000o\000-\000E\000n\000d\000\040\000M\000u\000l\000t\000i\000m\000o\000d\000a\000l\000\040\000A\000p\000p\000r\000o\000a\000c\000h\000e\000s}{section.3}% 12
\BOOKMARK [2][-]{subsection.3.2}{\376\377\000C\000l\000a\000s\000s\000i\000c\000a\000l\000\040\000G\000e\000o\000m\000e\000t\000r\000i\000c\000\040\000A\000p\000p\000r\000o\000a\000c\000h\000e\000s}{section.3}% 13
\BOOKMARK [2][-]{subsection.3.3}{\376\377\000O\000b\000j\000e\000c\000t\000\040\000D\000e\000t\000e\000c\000t\000i\000o\000n\000\040\000f\000o\000r\000\040\000D\000o\000c\000u\000m\000e\000n\000t\000\040\000A\000n\000a\000l\000y\000s\000i\000s}{section.3}% 14
\BOOKMARK [2][-]{subsection.3.4}{\376\377\000O\000C\000R\000\040\000a\000n\000d\000\040\000T\000e\000x\000t\000\040\000E\000x\000t\000r\000a\000c\000t\000i\000o\000n}{section.3}% 15
\BOOKMARK [2][-]{subsection.3.5}{\376\377\000S\000m\000a\000l\000l\000\040\000L\000a\000n\000g\000u\000a\000g\000e\000\040\000M\000o\000d\000e\000l\000s\000\040\000a\000n\000d\000\040\000P\000a\000r\000a\000m\000e\000t\000e\000r\000-\000E\000f\000f\000i\000c\000i\000e\000n\000t\000\040\000F\000i\000n\000e\000-\000T\000u\000n\000i\000n\000g}{section.3}% 16
\BOOKMARK [2][-]{subsection.3.6}{\376\377\000S\000u\000m\000m\000a\000r\000y\000\040\000a\000n\000d\000\040\000R\000e\000s\000e\000a\000r\000c\000h\000\040\000G\000a\000p}{section.3}% 17
\BOOKMARK [1][-]{section.4}{\376\377\000M\000e\000t\000h\000o\000d\000o\000l\000o\000g\000y}{}% 18
\BOOKMARK [2][-]{subsection.4.1}{\376\377\000D\000a\000t\000a}{section.4}% 19
\BOOKMARK [3][-]{subsubsection.4.1.1}{\376\377\000D\000a\000t\000a\000\040\000C\000o\000l\000l\000e\000c\000t\000i\000o\000n\000\040\000P\000i\000p\000e\000l\000i\000n\000e}{subsection.4.1}% 20
\BOOKMARK [3][-]{subsubsection.4.1.2}{\376\377\000S\000L\000M\000\040\000T\000r\000a\000i\000n\000i\000n\000g\000\040\000D\000a\000t\000a\000s\000e\000t}{subsection.4.1}% 21
\BOOKMARK [3][-]{subsubsection.4.1.3}{\376\377\000S\000L\000M\000\040\000F\000i\000n\000e\000-\000T\000u\000n\000i\000n\000g\000\040\000C\000o\000n\000f\000i\000g\000u\000r\000a\000t\000i\000o\000n}{subsection.4.1}% 22
\BOOKMARK [2][-]{subsection.4.2}{\376\377\000A\000p\000p\000r\000o\000a\000c\000h}{section.4}% 23
\BOOKMARK [3][-]{subsubsection.4.2.1}{\376\377\000H\000y\000b\000r\000i\000d\000\040\000N\000e\000u\000r\000o\000-\000S\000y\000m\000b\000o\000l\000i\000c\000\040\000D\000e\000s\000i\000g\000n}{subsection.4.2}% 24
\BOOKMARK [3][-]{subsubsection.4.2.2}{\376\377\0005\000-\000S\000t\000a\000g\000e\000\040\000P\000i\000p\000e\000l\000i\000n\000e\000\040\000A\000r\000c\000h\000i\000t\000e\000c\000t\000u\000r\000e}{subsection.4.2}% 25
\BOOKMARK [3][-]{subsubsection.4.2.3}{\376\377\000A\000I\000\040\000R\000o\000u\000t\000i\000n\000g\000\040\000w\000i\000t\000h\000\040\000F\000a\000l\000l\000b\000a\000c\000k\000\040\000C\000h\000a\000i\000n\000s}{subsection.4.2}% 26
\BOOKMARK [3][-]{subsubsection.4.2.4}{\376\377\000C\000o\000n\000f\000i\000g\000u\000r\000a\000t\000i\000o\000n\000-\000D\000r\000i\000v\000e\000n\000\040\000D\000e\000s\000i\000g\000n}{subsection.4.2}% 27
\BOOKMARK [2][-]{subsection.4.3}{\376\377\000V\000i\000e\000t\000n\000a\000m\000e\000s\000e\000\040\000L\000a\000n\000g\000u\000a\000g\000e\000\040\000I\000n\000t\000e\000g\000r\000a\000t\000i\000o\000n\000\040\000S\000t\000r\000a\000t\000e\000g\000y}{section.4}% 28
\BOOKMARK [3][-]{subsubsection.4.3.1}{\376\377\000L\000o\000c\000a\000l\000i\000z\000a\000t\000i\000o\000n\000\040\000A\000r\000c\000h\000i\000t\000e\000c\000t\000u\000r\000e}{subsection.4.3}% 29
\BOOKMARK [3][-]{subsubsection.4.3.2}{\376\377\000O\000C\000R\000\040\000f\000o\000r\000\040\000V\000i\000e\000t\000n\000a\000m\000e\000s\000e\000\040\000D\000i\000a\000c\000r\000i\000t\000i\000c\000a\000l\000\040\000M\000a\000r\000k\000s}{subsection.4.3}% 30
\BOOKMARK [3][-]{subsubsection.4.3.3}{\376\377\000V\000i\000e\000t\000n\000a\000m\000e\000s\000e\000\040\000K\000e\000y\000w\000o\000r\000d\000\040\000M\000a\000p\000p\000i\000n\000g\000\040\000f\000o\000r\000\040\000R\000o\000l\000e\000\040\000C\000l\000a\000s\000s\000i\000f\000i\000c\000a\000t\000i\000o\000n}{subsection.4.3}% 31
\BOOKMARK [3][-]{subsubsection.4.3.4}{\376\377\000V\000i\000e\000t\000n\000a\000m\000e\000s\000e\000\040\000P\000r\000o\000m\000p\000t\000\040\000T\000e\000m\000p\000l\000a\000t\000e\000s\000\040\000a\000n\000d\000\040\000Q\000A\000\040\000G\000e\000n\000e\000r\000a\000t\000i\000o\000n}{subsection.4.3}% 32
\BOOKMARK [3][-]{subsubsection.4.3.5}{\376\377\000S\000L\000M\000\040\000B\000a\000s\000e\000\040\000M\000o\000d\000e\000l\000\040\000S\000e\000l\000e\000c\000t\000i\000o\000n\000\040\000f\000o\000r\000\040\000V\000i\000e\000t\000n\000a\000m\000e\000s\000e}{subsection.4.3}% 33
\BOOKMARK [3][-]{subsubsection.4.3.6}{\376\377\000D\000e\000p\000l\000o\000y\000m\000e\000n\000t\000\040\000P\000l\000a\000n\000\040\000f\000o\000r\000\040\000V\000i\000e\000t\000n\000a\000m\000e\000s\000e\000\040\000I\000n\000t\000e\000g\000r\000a\000t\000i\000o\000n}{subsection.4.3}% 34
\BOOKMARK [1][-]{section.5}{\376\377\000S\000y\000s\000t\000e\000m\000\040\000D\000e\000s\000i\000g\000n\000\040\000a\000n\000d\000\040\000I\000m\000p\000l\000e\000m\000e\000n\000t\000a\000t\000i\000o\000n}{}% 35
\BOOKMARK [2][-]{subsection.5.1}{\376\377\000L\000a\000y\000e\000r\000e\000d\000\040\000A\000r\000c\000h\000i\000t\000e\000c\000t\000u\000r\000e}{section.5}% 36
\BOOKMARK [2][-]{subsection.5.2}{\376\377\000S\000t\000a\000g\000e\000\040\0001\000:\000\040\000I\000n\000g\000e\000s\000t\000i\000o\000n\000\040\000a\000n\000d\000\040\000S\000a\000n\000i\000t\000a\000t\000i\000o\000n}{section.5}% 37
\BOOKMARK [2][-]{subsection.5.3}{\376\377\000S\000t\000a\000g\000e\000\040\0002\000:\000\040\000D\000e\000t\000e\000c\000t\000i\000o\000n\000\040\000a\000n\000d\000\040\000L\000o\000c\000a\000l\000i\000z\000a\000t\000i\000o\000n}{section.5}% 38
\BOOKMARK [2][-]{subsection.5.4}{\376\377\000S\000t\000a\000g\000e\000\040\0003\000:\000\040\000S\000t\000r\000u\000c\000t\000u\000r\000a\000l\000\040\000A\000n\000a\000l\000y\000s\000i\000s\000\040\000\050\000E\000x\000t\000r\000a\000c\000t\000i\000o\000n\000\051}{section.5}% 39
\BOOKMARK [3][-]{subsubsection.5.4.1}{\376\377\000P\000r\000e\000p\000r\000o\000c\000e\000s\000s\000o\000r}{subsection.5.4}% 40
\BOOKMARK [3][-]{subsubsection.5.4.2}{\376\377\000S\000k\000e\000l\000e\000t\000o\000n\000i\000z\000e\000r}{subsection.5.4}% 41
\BOOKMARK [3][-]{subsubsection.5.4.3}{\376\377\000V\000e\000c\000t\000o\000r\000i\000z\000e\000r}{subsection.5.4}% 42
\BOOKMARK [3][-]{subsubsection.5.4.4}{\376\377\000O\000C\000R\000\040\000E\000n\000g\000i\000n\000e}{subsection.5.4}% 43
\BOOKMARK [3][-]{subsubsection.5.4.5}{\376\377\000E\000l\000e\000m\000e\000n\000t\000\040\000D\000e\000t\000e\000c\000t\000o\000r}{subsection.5.4}% 44
\BOOKMARK [3][-]{subsubsection.5.4.6}{\376\377\000G\000e\000o\000m\000e\000t\000r\000i\000c\000\040\000M\000a\000p\000p\000e\000r}{subsection.5.4}% 45
\BOOKMARK [3][-]{subsubsection.5.4.7}{\376\377\000C\000l\000a\000s\000s\000i\000f\000i\000e\000r}{subsection.5.4}% 46
\BOOKMARK [2][-]{subsection.5.5}{\376\377\000S\000t\000a\000g\000e\000\040\0004\000:\000\040\000S\000e\000m\000a\000n\000t\000i\000c\000\040\000R\000e\000a\000s\000o\000n\000i\000n\000g}{section.5}% 47
\BOOKMARK [2][-]{subsection.5.6}{\376\377\000S\000t\000a\000g\000e\000\040\0005\000:\000\040\000I\000n\000s\000i\000g\000h\000t\000\040\000a\000n\000d\000\040\000R\000e\000p\000o\000r\000t\000i\000n\000g}{section.5}% 48
\BOOKMARK [2][-]{subsection.5.7}{\376\377\000A\000I\000\040\000R\000o\000u\000t\000i\000n\000g\000\040\000L\000a\000y\000e\000r}{section.5}% 49
\BOOKMARK [2][-]{subsection.5.8}{\376\377\000E\000r\000r\000o\000r\000\040\000H\000a\000n\000d\000l\000i\000n\000g\000\040\000a\000n\000d\000\040\000E\000x\000t\000e\000n\000s\000i\000b\000i\000l\000i\000t\000y}{section.5}% 50
\BOOKMARK [2][-]{subsection.5.9}{\376\377\000V\000i\000e\000t\000n\000a\000m\000e\000s\000e\000\040\000L\000a\000n\000g\000u\000a\000g\000e\000\040\000I\000m\000p\000l\000e\000m\000e\000n\000t\000a\000t\000i\000o\000n}{section.5}% 51
\BOOKMARK [3][-]{subsubsection.5.9.1}{\376\377\000L\000a\000n\000g\000u\000a\000g\000e\000-\000A\000g\000n\000o\000s\000t\000i\000c\000\040\000v\000s\000.\000\040\000L\000a\000n\000g\000u\000a\000g\000e\000-\000D\000e\000p\000e\000n\000d\000e\000n\000t\000\040\000C\000o\000m\000p\000o\000n\000e\000n\000t\000s}{subsection.5.9}% 52
\BOOKMARK [3][-]{subsubsection.5.9.2}{\376\377\000O\000C\000R\000\040\000E\000n\000g\000i\000n\000e\000:\000\040\000V\000i\000e\000t\000n\000a\000m\000e\000s\000e\000\040\000C\000o\000n\000f\000i\000g\000u\000r\000a\000t\000i\000o\000n\000\040\000P\000a\000t\000h}{subsection.5.9}% 53
\BOOKMARK [3][-]{subsubsection.5.9.3}{\376\377\000S\000t\000a\000g\000e\000\040\0003\000:\000\040\000B\000i\000l\000i\000n\000g\000u\000a\000l\000\040\000R\000o\000l\000e\000\040\000C\000l\000a\000s\000s\000i\000f\000i\000c\000a\000t\000i\000o\000n}{subsection.5.9}% 54
\BOOKMARK [3][-]{subsubsection.5.9.4}{\376\377\000S\000t\000a\000g\000e\000\040\0004\000:\000\040\000V\000i\000e\000t\000n\000a\000m\000e\000s\000e\000\040\000P\000r\000o\000m\000p\000t\000\040\000A\000r\000c\000h\000i\000t\000e\000c\000t\000u\000r\000e}{subsection.5.9}% 55
\BOOKMARK [3][-]{subsubsection.5.9.5}{\376\377\000D\000a\000t\000a\000\040\000F\000a\000c\000t\000o\000r\000y\000:\000\040\000V\000i\000e\000t\000n\000a\000m\000e\000s\000e\000\040\000Q\000A\000\040\000G\000e\000n\000e\000r\000a\000t\000i\000o\000n}{subsection.5.9}% 56
\BOOKMARK [1][-]{section.6}{\376\377\000R\000e\000s\000u\000l\000t\000s\000\040\000a\000n\000d\000\040\000D\000i\000s\000c\000u\000s\000s\000i\000o\000n}{}% 57
\BOOKMARK [2][-]{subsection.6.1}{\376\377\000R\000e\000s\000u\000l\000t\000s\000\040\000a\000n\000d\000\040\000A\000n\000a\000l\000y\000s\000i\000s}{section.6}% 58
\BOOKMARK [3][-]{subsubsection.6.1.1}{\376\377\000S\000t\000a\000g\000e\000\040\0002\000:\000\040\000C\000h\000a\000r\000t\000\040\000D\000e\000t\000e\000c\000t\000i\000o\000n\000\040\000\050\000Y\000O\000L\000O\000v\0008\000m\000\051}{subsection.6.1}% 59
\BOOKMARK [3][-]{subsubsection.6.1.2}{\376\377\000S\000t\000a\000g\000e\000\040\0002\000b\000:\000\040\000C\000h\000a\000r\000t\000\040\000C\000l\000a\000s\000s\000i\000f\000i\000c\000a\000t\000i\000o\000n\000\040\000\050\000R\000e\000s\000N\000e\000t\000-\0001\0008\000\051}{subsection.6.1}% 60
\BOOKMARK [3][-]{subsubsection.6.1.3}{\376\377\000S\000t\000a\000g\000e\000\040\0003\000:\000\040\000S\000t\000r\000u\000c\000t\000u\000r\000a\000l\000\040\000E\000x\000t\000r\000a\000c\000t\000i\000o\000n}{subsection.6.1}% 61
\BOOKMARK [3][-]{subsubsection.6.1.4}{\376\377\000E\000n\000d\000-\000t\000o\000-\000E\000n\000d\000\040\000P\000i\000p\000e\000l\000i\000n\000e\000\040\000P\000e\000r\000f\000o\000r\000m\000a\000n\000c\000e}{subsection.6.1}% 62
\BOOKMARK [3][-]{subsubsection.6.1.5}{\376\377\000C\000o\000d\000e\000\040\000Q\000u\000a\000l\000i\000t\000y}{subsection.6.1}% 63
\BOOKMARK [2][-]{subsection.6.2}{\376\377\000D\000i\000s\000c\000u\000s\000s\000i\000o\000n}{section.6}% 64
\BOOKMARK [3][-]{subsubsection.6.2.1}{\376\377\000H\000y\000b\000r\000i\000d\000\040\000A\000r\000c\000h\000i\000t\000e\000c\000t\000u\000r\000e\000\040\000V\000a\000l\000i\000d\000a\000t\000e\000s\000\040\000C\000o\000r\000e\000\040\000H\000y\000p\000o\000t\000h\000e\000s\000i\000s}{subsection.6.2}% 65
\BOOKMARK [3][-]{subsubsection.6.2.2}{\376\377\000C\000o\000m\000p\000a\000r\000i\000s\000o\000n\000\040\000w\000i\000t\000h\000\040\000R\000e\000l\000a\000t\000e\000d\000\040\000W\000o\000r\000k}{subsection.6.2}% 66
\BOOKMARK [3][-]{subsubsection.6.2.3}{\376\377\000M\000o\000d\000u\000l\000a\000r\000i\000t\000y\000\040\000E\000n\000a\000b\000l\000e\000s\000\040\000I\000t\000e\000r\000a\000t\000i\000v\000e\000\040\000I\000m\000p\000r\000o\000v\000e\000m\000e\000n\000t}{subsection.6.2}% 67
\BOOKMARK [3][-]{subsubsection.6.2.4}{\376\377\000C\000o\000r\000e\000-\000F\000i\000r\000s\000t\000\040\000S\000t\000r\000a\000t\000e\000g\000y\000\040\000V\000a\000l\000i\000d\000a\000t\000e\000s\000\040\000V\000i\000e\000t\000n\000a\000m\000e\000s\000e\000\040\000R\000e\000a\000d\000i\000n\000e\000s\000s}{subsection.6.2}% 68
\BOOKMARK [3][-]{subsubsection.6.2.5}{\376\377\000L\000i\000m\000i\000t\000a\000t\000i\000o\000n\000s\000\040\000o\000f\000\040\000C\000u\000r\000r\000e\000n\000t\000\040\000R\000e\000s\000u\000l\000t\000s}{subsection.6.2}% 69
\BOOKMARK [2][-]{subsection.6.3}{\376\377\000R\000e\000c\000o\000m\000m\000e\000n\000d\000a\000t\000i\000o\000n\000s}{section.6}% 70
\BOOKMARK [1][-]{section.7}{\376\377\000C\000o\000n\000c\000l\000u\000s\000i\000o\000n}{}% 71
\BOOKMARK [2][-]{subsection.7.1}{\376\377\000S\000u\000m\000m\000a\000r\000y\000\040\000o\000f\000\040\000C\000o\000n\000t\000r\000i\000b\000u\000t\000i\000o\000n\000s}{section.7}% 72
\BOOKMARK [2][-]{subsection.7.2}{\376\377\000A\000c\000h\000i\000e\000v\000e\000m\000e\000n\000t\000\040\000o\000f\000\040\000O\000b\000j\000e\000c\000t\000i\000v\000e\000s}{section.7}% 73
\BOOKMARK [2][-]{subsection.7.3}{\376\377\000F\000u\000t\000u\000r\000e\000\040\000W\000o\000r\000k}{section.7}% 74
\BOOKMARK [1][-]{Item.60}{\376\377\000R\000e\000f\000e\000r\000e\000n\000c\000e\000s}{}% 75
